<?xml version="1.0" encoding="UTF-8"?>
<!-- Generated by org.testng.reporters.JUnitReportReporter -->
<testsuite skipped="0" hostname="Trigen-PC" name="Remaining_scripts_dynamic.Send_RFQ_quatations" tests="3" failures="0" timestamp="24 Dec 2019 10:08:27 GMT" time="38.110" errors="0">
  <testcase name="client" time="12.805" classname="Remaining_scripts_dynamic.Send_RFQ_quatations"/>
  <testcase name="client" time="12.582" classname="Remaining_scripts_dynamic.Send_RFQ_quatations"/>
  <testcase name="client" time="12.723" classname="Remaining_scripts_dynamic.Send_RFQ_quatations"/>
</testsuite> <!-- Remaining_scripts_dynamic.Send_RFQ_quatations -->
