<?xml version="1.0" encoding="UTF-8"?>
<!-- Generated by org.testng.reporters.JUnitReportReporter -->
<testsuite skipped="0" hostname="Trigen-PC" name="Remaining_scripts_dynamic.Assign_more_leads2" tests="3" failures="0" timestamp="26 Dec 2019 12:39:50 GMT" time="110.693" errors="0">
  <testcase name="open" time="8.293" classname="Remaining_scripts_dynamic.Assign_more_leads2"/>
  <testcase name="open" time="95.970" classname="Remaining_scripts_dynamic.Assign_more_leads2"/>
  <testcase name="open" time="6.430" classname="Remaining_scripts_dynamic.Assign_more_leads2"/>
</testsuite> <!-- Remaining_scripts_dynamic.Assign_more_leads2 -->
