<?xml version="1.0" encoding="UTF-8"?>
<!-- Generated by org.testng.reporters.JUnitReportReporter -->
<testsuite skipped="0" hostname="Trigen-PC" name="Remaining_scripts_dynamic.testing" tests="3" failures="0" timestamp="24 Dec 2019 10:08:27 GMT" time="99.159" errors="0">
  <testcase name="client" time="79.794" classname="Remaining_scripts_dynamic.testing"/>
  <testcase name="client" time="12.674" classname="Remaining_scripts_dynamic.testing"/>
  <testcase name="client" time="6.691" classname="Remaining_scripts_dynamic.testing"/>
</testsuite> <!-- Remaining_scripts_dynamic.testing -->
