<?xml version="1.0" encoding="UTF-8"?>
<!-- Generated by org.testng.reporters.JUnitReportReporter -->
<testsuite skipped="0" hostname="Trigen-PC" name="Remaining_scripts_dynamic.Campaign_allcation2" tests="3" failures="0" timestamp="26 Dec 2019 12:56:13 GMT" time="35.318" errors="0">
  <testcase name="open" time="5.453" classname="Remaining_scripts_dynamic.Campaign_allcation2"/>
  <testcase name="open" time="23.532" classname="Remaining_scripts_dynamic.Campaign_allcation2"/>
  <testcase name="open" time="6.333" classname="Remaining_scripts_dynamic.Campaign_allcation2"/>
</testsuite> <!-- Remaining_scripts_dynamic.Campaign_allcation2 -->
