<?xml version="1.0" encoding="UTF-8"?>
<!-- Generated by org.testng.reporters.JUnitReportReporter -->
<testsuite skipped="0" hostname="Trigen-PC" name="BasePackage.registration" tests="1" failures="0" timestamp="23 Dec 2019 13:27:34 GMT" time="37.921" errors="0">
  <testcase name="register" time="37.921" classname="BasePackage.registration"/>
</testsuite> <!-- BasePackage.registration -->
