<?xml version="1.0" encoding="UTF-8"?>
<!-- Generated by org.testng.reporters.JUnitReportReporter -->
<testsuite skipped="0" hostname="Trigen-PC" name="Remaining_scripts_dynamic.RFQ_quotations_dynamic" tests="3" failures="0" timestamp="24 Dec 2019 10:30:44 GMT" time="120.014" errors="0">
  <testcase name="open" time="6.748" classname="Remaining_scripts_dynamic.RFQ_quotations_dynamic"/>
  <testcase name="open" time="5.704" classname="Remaining_scripts_dynamic.RFQ_quotations_dynamic"/>
  <testcase name="open" time="107.562" classname="Remaining_scripts_dynamic.RFQ_quotations_dynamic"/>
</testsuite> <!-- Remaining_scripts_dynamic.RFQ_quotations_dynamic -->
