<?xml version="1.0" encoding="UTF-8"?>
<!-- Generated by org.testng.reporters.JUnitReportReporter -->
<testsuite skipped="0" hostname="Trigen-PC" name="Remaining_scripts_dynamic.ABM_Supp3" tests="3" failures="0" timestamp="24 Dec 2019 09:41:11 GMT" time="55.002" errors="0">
  <testcase name="open" time="6.433" classname="Remaining_scripts_dynamic.ABM_Supp3"/>
  <testcase name="open" time="5.631" classname="Remaining_scripts_dynamic.ABM_Supp3"/>
  <testcase name="open" time="42.938" classname="Remaining_scripts_dynamic.ABM_Supp3"/>
</testsuite> <!-- Remaining_scripts_dynamic.ABM_Supp3 -->
